<?xml version="1.0" encoding="UTF-8"?>
<coverage generated="1530970817365" clover="3.2.0">
  <project timestamp="1530970817365" name="All files">
    <metrics statements="278" coveredstatements="160" conditionals="62" coveredconditionals="24" methods="55" coveredmethods="38" elements="395" coveredelements="222" complexity="0" loc="278" ncloc="278" packages="2" files="5" classes="5">
      <package name="spec">
        <metrics statements="1" coveredstatements="1" conditionals="0" coveredconditionals="0" methods="0" coveredmethods="0"/>
        <file name="util.ts" path="/home/jeffd23/apps/lessons/rx-geofire/spec/util.ts">
          <metrics statements="1" coveredstatements="1" conditionals="0" coveredconditionals="0" methods="0" coveredmethods="0"/>
          <line num="1" count="1" type="stmt"/>
        </file>
      </package>
      <package name="src">
        <metrics statements="277" coveredstatements="159" conditionals="62" coveredconditionals="24" methods="55" coveredmethods="38"/>
        <file name="client.ts" path="/home/jeffd23/apps/lessons/rx-geofire/src/client.ts">
          <metrics statements="8" coveredstatements="7" conditionals="0" coveredconditionals="0" methods="4" coveredmethods="3"/>
          <line num="6" count="1" type="stmt"/>
          <line num="7" count="1" type="stmt"/>
          <line num="9" count="1" type="stmt"/>
          <line num="10" count="1" type="stmt"/>
          <line num="13" count="8" type="stmt"/>
          <line num="17" count="13" type="stmt"/>
          <line num="21" count="1" type="stmt"/>
          <line num="22" count="0" type="stmt"/>
        </file>
        <file name="collection.ts" path="/home/jeffd23/apps/lessons/rx-geofire/src/collection.ts">
          <metrics statements="46" coveredstatements="41" conditionals="9" coveredconditionals="6" methods="23" coveredmethods="18"/>
          <line num="8" count="1" type="stmt"/>
          <line num="9" count="1" type="stmt"/>
          <line num="10" count="1" type="stmt"/>
          <line num="11" count="1" type="stmt"/>
          <line num="15" count="1" type="stmt"/>
          <line num="17" count="1" type="stmt"/>
          <line num="23" count="8" type="stmt"/>
          <line num="24" count="8" type="stmt"/>
          <line num="27" count="8" type="stmt"/>
          <line num="28" count="8" type="cond" truecount="2" falsecount="0"/>
          <line num="29" count="8" type="stmt"/>
          <line num="33" count="0" type="stmt"/>
          <line num="37" count="7" type="stmt"/>
          <line num="41" count="0" type="stmt"/>
          <line num="45" count="2" type="stmt"/>
          <line num="49" count="2" type="stmt"/>
          <line num="53" count="1" type="stmt"/>
          <line num="54" count="1" type="stmt"/>
          <line num="58" count="9" type="cond" truecount="2" falsecount="0"/>
          <line num="59" count="9" type="cond" truecount="1" falsecount="1"/>
          <line num="65" count="3" type="stmt"/>
          <line num="66" count="3" type="stmt"/>
          <line num="67" count="3" type="stmt"/>
          <line num="71" count="3" type="stmt"/>
          <line num="72" count="27" type="stmt"/>
          <line num="73" count="27" type="stmt"/>
          <line num="76" count="3" type="stmt"/>
          <line num="78" count="6" type="stmt"/>
          <line num="79" count="48" type="stmt"/>
          <line num="82" count="71" type="stmt"/>
          <line num="83" count="71" type="stmt"/>
          <line num="84" count="71" type="stmt"/>
          <line num="88" count="51" type="stmt"/>
          <line num="89" count="51" type="stmt"/>
          <line num="90" count="51" type="stmt"/>
          <line num="98" count="27" type="stmt"/>
          <line num="99" count="27" type="stmt"/>
          <line num="106" count="0" type="stmt"/>
          <line num="110" count="0" type="stmt"/>
          <line num="115" count="0" type="stmt"/>
          <line num="120" count="34" type="stmt"/>
          <line num="121" count="36" type="stmt"/>
          <line num="122" count="71" type="stmt"/>
          <line num="131" count="36" type="stmt"/>
          <line num="132" count="32" type="stmt"/>
          <line num="134" count="38" type="stmt"/>
        </file>
        <file name="geohash.ts" path="/home/jeffd23/apps/lessons/rx-geofire/src/geohash.ts">
          <metrics statements="17" coveredstatements="16" conditionals="0" coveredconditionals="0" methods="11" coveredmethods="10"/>
          <line num="8" count="1" type="stmt"/>
          <line num="10" count="1" type="stmt"/>
          <line num="16" count="1" type="stmt"/>
          <line num="18" count="13" type="stmt"/>
          <line num="19" count="13" type="stmt"/>
          <line num="20" count="13" type="stmt"/>
          <line num="24" count="5" type="stmt"/>
          <line num="28" count="124" type="stmt"/>
          <line num="32" count="248" type="stmt"/>
          <line num="33" count="248" type="stmt"/>
          <line num="44" count="11" type="stmt"/>
          <line num="48" count="2" type="stmt"/>
          <line num="52" count="0" type="stmt"/>
          <line num="56" count="6" type="stmt"/>
          <line num="63" count="124" type="stmt"/>
          <line num="67" count="5" type="stmt"/>
          <line num="74" count="124" type="stmt"/>
        </file>
        <file name="util.ts" path="/home/jeffd23/apps/lessons/rx-geofire/src/util.ts">
          <metrics statements="206" coveredstatements="95" conditionals="53" coveredconditionals="18" methods="17" coveredmethods="7"/>
          <line num="1" count="1" type="stmt"/>
          <line num="2" count="248" type="stmt"/>
          <line num="5" count="1" type="stmt"/>
          <line num="6" count="3" type="stmt"/>
          <line num="8" count="0" type="stmt"/>
          <line num="11" count="0" type="stmt"/>
          <line num="14" count="0" type="stmt"/>
          <line num="17" count="2" type="stmt"/>
          <line num="20" count="0" type="stmt"/>
          <line num="23" count="1" type="stmt"/>
          <line num="26" count="0" type="stmt"/>
          <line num="29" count="0" type="stmt"/>
          <line num="32" count="0" type="stmt"/>
          <line num="47" count="1" type="stmt"/>
          <line num="48" count="1" type="stmt"/>
          <line num="49" count="1" type="stmt"/>
          <line num="50" count="32" type="stmt"/>
          <line num="53" count="1" type="stmt"/>
          <line num="66" count="1" type="stmt"/>
          <line num="78" count="1" type="stmt"/>
          <line num="79" count="51" type="cond" truecount="1" falsecount="1"/>
          <line num="80" count="0" type="cond" truecount="0" falsecount="4"/>
          <line num="81" count="0" type="stmt"/>
          <line num="83" count="0" type="stmt"/>
          <line num="84" count="0" type="stmt"/>
          <line num="85" count="0" type="stmt"/>
          <line num="86" count="0" type="stmt"/>
          <line num="87" count="51" type="cond" truecount="1" falsecount="1"/>
          <line num="88" count="0" type="stmt"/>
          <line num="91" count="51" type="stmt"/>
          <line num="92" count="51" type="stmt"/>
          <line num="93" count="51" type="stmt"/>
          <line num="94" count="51" type="stmt"/>
          <line num="95" count="51" type="stmt"/>
          <line num="96" count="51" type="stmt"/>
          <line num="97" count="51" type="stmt"/>
          <line num="98" count="51" type="stmt"/>
          <line num="100" count="51" type="stmt"/>
          <line num="101" count="1855" type="cond" truecount="2" falsecount="0"/>
          <line num="102" count="941" type="stmt"/>
          <line num="103" count="941" type="cond" truecount="2" falsecount="0"/>
          <line num="104" count="421" type="stmt"/>
          <line num="105" count="421" type="stmt"/>
          <line num="107" count="520" type="stmt"/>
          <line num="108" count="520" type="stmt"/>
          <line num="111" count="914" type="stmt"/>
          <line num="112" count="914" type="cond" truecount="2" falsecount="0"/>
          <line num="113" count="495" type="stmt"/>
          <line num="114" count="495" type="stmt"/>
          <line num="116" count="419" type="stmt"/>
          <line num="117" count="419" type="stmt"/>
          <line num="121" count="1855" type="stmt"/>
          <line num="122" count="1855" type="stmt"/>
          <line num="123" count="1855" type="cond" truecount="2" falsecount="0"/>
          <line num="124" count="371" type="stmt"/>
          <line num="125" count="371" type="stmt"/>
          <line num="126" count="371" type="stmt"/>
          <line num="127" count="371" type="stmt"/>
          <line num="130" count="51" type="stmt"/>
          <line num="143" count="1" type="stmt"/>
          <line num="144" count="0" type="cond" truecount="0" falsecount="2"/>
          <line num="146" count="0" type="stmt"/>
          <line num="147" count="0" type="stmt"/>
          <line num="148" count="0" type="stmt"/>
          <line num="149" count="0" type="stmt"/>
          <line num="150" count="0" type="stmt"/>
          <line num="152" count="0" type="stmt"/>
          <line num="154" count="0" type="stmt"/>
          <line num="155" count="0" type="stmt"/>
          <line num="156" count="0" type="cond" truecount="0" falsecount="2"/>
          <line num="157" count="0" type="stmt"/>
          <line num="158" count="0" type="cond" truecount="0" falsecount="2"/>
          <line num="159" count="0" type="stmt"/>
          <line num="160" count="0" type="stmt"/>
          <line num="162" count="0" type="stmt"/>
          <line num="165" count="0" type="stmt"/>
          <line num="166" count="0" type="cond" truecount="0" falsecount="2"/>
          <line num="167" count="0" type="stmt"/>
          <line num="168" count="0" type="stmt"/>
          <line num="170" count="0" type="stmt"/>
          <line num="173" count="0" type="stmt"/>
          <line num="175" count="0" type="stmt"/>
          <line num="185" count="1" type="stmt"/>
          <line num="186" count="5" type="stmt"/>
          <line num="187" count="5" type="stmt"/>
          <line num="188" count="5" type="stmt"/>
          <line num="189" count="5" type="stmt"/>
          <line num="190" count="5" type="stmt"/>
          <line num="193" count="5" type="stmt"/>
          <line num="194" count="5" type="stmt"/>
          <line num="195" count="34" type="stmt"/>
          <line num="196" count="34" type="stmt"/>
          <line num="198" count="34" type="stmt"/>
          <line num="199" count="170" type="stmt"/>
          <line num="200" count="170" type="cond" truecount="2" falsecount="0"/>
          <line num="201" count="86" type="stmt"/>
          <line num="202" count="86" type="cond" truecount="2" falsecount="0"/>
          <line num="203" count="40" type="stmt"/>
          <line num="205" count="46" type="stmt"/>
          <line num="208" count="84" type="stmt"/>
          <line num="209" count="84" type="cond" truecount="2" falsecount="0"/>
          <line num="210" count="42" type="stmt"/>
          <line num="212" count="42" type="stmt"/>
          <line num="215" count="170" type="stmt"/>
          <line num="218" count="5" type="stmt"/>
          <line num="229" count="1" type="stmt"/>
          <line num="230" count="0" type="cond" truecount="0" falsecount="2"/>
          <line num="232" count="0" type="stmt"/>
          <line num="233" count="0" type="stmt"/>
          <line num="234" count="0" type="stmt"/>
          <line num="235" count="0" type="stmt"/>
          <line num="237" count="0" type="stmt"/>
          <line num="238" count="0" type="stmt"/>
          <line num="239" count="0" type="stmt"/>
          <line num="241" count="0" type="stmt"/>
          <line num="242" count="0" type="stmt"/>
          <line num="243" count="0" type="stmt"/>
          <line num="245" count="0" type="cond" truecount="0" falsecount="2"/>
          <line num="246" count="0" type="stmt"/>
          <line num="248" count="0" type="stmt"/>
          <line num="251" count="0" type="cond" truecount="0" falsecount="2"/>
          <line num="252" count="0" type="stmt"/>
          <line num="254" count="0" type="stmt"/>
          <line num="257" count="0" type="stmt"/>
          <line num="261" count="0" type="stmt"/>
          <line num="272" count="1" type="stmt"/>
          <line num="273" count="5" type="stmt"/>
          <line num="274" count="5" type="stmt"/>
          <line num="275" count="5" type="stmt"/>
          <line num="276" count="5" type="stmt"/>
          <line num="277" count="5" type="stmt"/>
          <line num="278" count="5" type="stmt"/>
          <line num="294" count="1" type="stmt"/>
          <line num="295" count="0" type="stmt"/>
          <line num="296" count="0" type="stmt"/>
          <line num="297" count="0" type="stmt"/>
          <line num="298" count="0" type="stmt"/>
          <line num="299" count="0" type="stmt"/>
          <line num="300" count="0" type="stmt"/>
          <line num="319" count="1" type="stmt"/>
          <line num="320" count="0" type="stmt"/>
          <line num="321" count="0" type="stmt"/>
          <line num="323" count="0" type="stmt"/>
          <line num="324" count="0" type="stmt"/>
          <line num="338" count="1" type="stmt"/>
          <line num="339" count="0" type="cond" truecount="0" falsecount="2"/>
          <line num="340" count="0" type="stmt"/>
          <line num="341" count="0" type="stmt"/>
          <line num="343" count="0" type="stmt"/>
          <line num="344" count="0" type="stmt"/>
          <line num="357" count="1" type="stmt"/>
          <line num="358" count="5" type="stmt"/>
          <line num="360" count="5" type="stmt"/>
          <line num="361" count="5" type="stmt"/>
          <line num="362" count="5" type="stmt"/>
          <line num="363" count="5" type="stmt"/>
          <line num="364" count="5" type="stmt"/>
          <line num="368" count="5" type="stmt"/>
          <line num="380" count="40" type="stmt"/>
          <line num="381" count="40" type="stmt"/>
          <line num="382" count="40" type="stmt"/>
          <line num="385" count="5" type="stmt"/>
          <line num="399" count="1" type="stmt"/>
          <line num="400" count="0" type="cond" truecount="0" falsecount="2"/>
          <line num="402" count="0" type="stmt"/>
          <line num="403" count="0" type="stmt"/>
          <line num="404" count="0" type="stmt"/>
          <line num="405" count="0" type="stmt"/>
          <line num="406" count="0" type="stmt"/>
          <line num="410" count="0" type="stmt"/>
          <line num="422" count="0" type="stmt"/>
          <line num="423" count="0" type="stmt"/>
          <line num="424" count="0" type="stmt"/>
          <line num="427" count="0" type="stmt"/>
          <line num="441" count="1" type="stmt"/>
          <line num="442" count="0" type="cond" truecount="0" falsecount="2"/>
          <line num="444" count="0" type="stmt"/>
          <line num="445" count="0" type="stmt"/>
          <line num="447" count="0" type="stmt"/>
          <line num="449" count="0" type="stmt"/>
          <line num="450" count="0" type="stmt"/>
          <line num="452" count="0" type="stmt"/>
          <line num="453" count="0" type="stmt"/>
          <line num="455" count="0" type="stmt"/>
          <line num="456" count="0" type="stmt"/>
          <line num="458" count="0" type="stmt"/>
          <line num="460" count="0" type="stmt"/>
          <line num="461" count="0" type="stmt"/>
          <line num="462" count="0" type="stmt"/>
          <line num="466" count="0" type="stmt"/>
          <line num="480" count="1" type="stmt"/>
          <line num="481" count="0" type="cond" truecount="0" falsecount="2"/>
          <line num="483" count="0" type="stmt"/>
          <line num="484" count="0" type="stmt"/>
          <line num="486" count="0" type="stmt"/>
          <line num="488" count="0" type="stmt"/>
          <line num="489" count="0" type="stmt"/>
          <line num="491" count="0" type="stmt"/>
          <line num="492" count="0" type="stmt"/>
          <line num="494" count="0" type="stmt"/>
          <line num="495" count="0" type="stmt"/>
          <line num="497" count="0" type="stmt"/>
          <line num="499" count="0" type="stmt"/>
          <line num="500" count="0" type="stmt"/>
          <line num="501" count="0" type="stmt"/>
          <line num="505" count="0" type="stmt"/>
        </file>
      </package>
    </metrics>
  </project>
</coverage>
