{"/home/jeffd23/apps/lessons/rx-geofire/spec/util.ts": {"path":"/home/jeffd23/apps/lessons/rx-geofire/spec/util.ts","statementMap":{"0":{"start":{"line":1,"column":13},"end":{"line":8,"column":2}}},"fnMap":{},"branchMap":{},"s":{"0":1},"f":{},"b":{}}
,"/home/jeffd23/apps/lessons/rx-geofire/src/client.ts": {"path":"/home/jeffd23/apps/lessons/rx-geofire/src/client.ts","statementMap":{"0":{"start":{"line":3,"column":0},"end":{"line":3,"column":65}},"1":{"start":{"line":4,"column":0},"end":{"line":4,"column":40}},"2":{"start":{"line":7,"column":22},"end":{"line":7,"column":48}},"3":{"start":{"line":16,"column":4},"end":{"line":16,"column":59}},"4":{"start":{"line":25,"column":4},"end":{"line":25,"column":59}},"5":{"start":{"line":6,"column":0},"end":{"line":27,"column":1}},"6":{"start":{"line":34,"column":2},"end":{"line":34,"column":32}},"7":{"start":{"line":33,"column":0},"end":{"line":35,"column":1}}},"fnMap":{"0":{"name":"(anonymous_0)","decl":{"start":{"line":7,"column":2},"end":{"line":7,"column":21}},"loc":{"start":{"line":7,"column":48},"end":{"line":7,"column":52}}},"1":{"name":"(anonymous_1)","decl":{"start":{"line":15,"column":2},"end":{"line":15,"column":11}},"loc":{"start":{"line":15,"column":42},"end":{"line":17,"column":3}}},"2":{"name":"(anonymous_2)","decl":{"start":{"line":24,"column":2},"end":{"line":24,"column":6}},"loc":{"start":{"line":24,"column":43},"end":{"line":26,"column":3}}},"3":{"name":"init","decl":{"start":{"line":33,"column":0},"end":{"line":33,"column":20}},"loc":{"start":{"line":33,"column":47},"end":{"line":35,"column":1}}}},"branchMap":{},"s":{"0":1,"1":1,"2":1,"3":9,"4":16,"5":1,"6":0,"7":1},"f":{"0":1,"1":9,"2":16,"3":0},"b":{}}
,"/home/jeffd23/apps/lessons/rx-geofire/src/collection.ts": {"path":"/home/jeffd23/apps/lessons/rx-geofire/src/collection.ts","statementMap":{"0":{"start":{"line":3,"column":0},"end":{"line":3,"column":48}},"1":{"start":{"line":4,"column":0},"end":{"line":4,"column":66}},"2":{"start":{"line":5,"column":0},"end":{"line":5,"column":61}},"3":{"start":{"line":6,"column":0},"end":{"line":6,"column":36}},"4":{"start":{"line":15,"column":37},"end":{"line":15,"column":52}},"5":{"start":{"line":23,"column":12},"end":{"line":23,"column":38}},"6":{"start":{"line":24,"column":12},"end":{"line":24,"column":24}},"7":{"start":{"line":27,"column":4},"end":{"line":27,"column":48}},"8":{"start":{"line":28,"column":4},"end":{"line":28,"column":44}},"9":{"start":{"line":28,"column":15},"end":{"line":28,"column":44}},"10":{"start":{"line":29,"column":4},"end":{"line":29,"column":21}},"11":{"start":{"line":36,"column":4},"end":{"line":36,"column":23}},"12":{"start":{"line":44,"column":4},"end":{"line":44,"column":44}},"13":{"start":{"line":52,"column":4},"end":{"line":52,"column":30}},"14":{"start":{"line":60,"column":4},"end":{"line":60,"column":37}},"15":{"start":{"line":69,"column":4},"end":{"line":69,"column":38}},"16":{"start":{"line":85,"column":18},"end":{"line":85,"column":70}},"17":{"start":{"line":86,"column":4},"end":{"line":86,"column":69}},"18":{"start":{"line":91,"column":4},"end":{"line":91,"column":33}},"19":{"start":{"line":92,"column":4},"end":{"line":92,"column":21}},"20":{"start":{"line":96,"column":4},"end":{"line":96,"column":40}},"21":{"start":{"line":97,"column":4},"end":{"line":97,"column":76}},"22":{"start":{"line":115,"column":22},"end":{"line":115,"column":41}},"23":{"start":{"line":116,"column":23},"end":{"line":116,"column":55}},"24":{"start":{"line":117,"column":17},"end":{"line":117,"column":70}},"25":{"start":{"line":119,"column":20},"end":{"line":125,"column":6}},"26":{"start":{"line":120,"column":20},"end":{"line":120,"column":48}},"27":{"start":{"line":121,"column":6},"end":{"line":124,"column":8}},"28":{"start":{"line":127,"column":4},"end":{"line":148,"column":6}},"29":{"start":{"line":129,"column":24},"end":{"line":129,"column":65}},"30":{"start":{"line":129,"column":49},"end":{"line":129,"column":64}},"31":{"start":{"line":130,"column":8},"end":{"line":145,"column":13}},"32":{"start":{"line":132,"column":24},"end":{"line":132,"column":52}},"33":{"start":{"line":133,"column":24},"end":{"line":133,"column":53}},"34":{"start":{"line":134,"column":12},"end":{"line":134,"column":62}},"35":{"start":{"line":138,"column":24},"end":{"line":138,"column":52}},"36":{"start":{"line":139,"column":24},"end":{"line":139,"column":53}},"37":{"start":{"line":140,"column":34},"end":{"line":143,"column":13}},"38":{"start":{"line":144,"column":12},"end":{"line":144,"column":45}},"39":{"start":{"line":152,"column":16},"end":{"line":152,"column":29}},"40":{"start":{"line":153,"column":4},"end":{"line":156,"column":18}},"41":{"start":{"line":17,"column":0},"end":{"line":171,"column":1}},"42":{"start":{"line":174,"column":2},"end":{"line":181,"column":4}},"43":{"start":{"line":175,"column":4},"end":{"line":180,"column":6}},"44":{"start":{"line":176,"column":6},"end":{"line":179,"column":8}},"45":{"start":{"line":188,"column":2},"end":{"line":194,"column":5}},"46":{"start":{"line":189,"column":4},"end":{"line":193,"column":7}},"47":{"start":{"line":191,"column":8},"end":{"line":191,"column":27}},"48":{"start":{"line":202,"column":2},"end":{"line":212,"column":12}},"49":{"start":{"line":203,"column":4},"end":{"line":211,"column":37}},"50":{"start":{"line":206,"column":8},"end":{"line":209,"column":9}},"51":{"start":{"line":201,"column":0},"end":{"line":213,"column":1}},"52":{"start":{"line":222,"column":2},"end":{"line":222,"column":46}},"53":{"start":{"line":221,"column":0},"end":{"line":223,"column":1}}},"fnMap":{"0":{"name":"(anonymous_0)","decl":{"start":{"line":22,"column":2},"end":{"line":23,"column":11}},"loc":{"start":{"line":25,"column":19},"end":{"line":30,"column":3}}},"1":{"name":"(anonymous_1)","decl":{"start":{"line":35,"column":2},"end":{"line":35,"column":9}},"loc":{"start":{"line":35,"column":10},"end":{"line":37,"column":3}}},"2":{"name":"(anonymous_2)","decl":{"start":{"line":43,"column":2},"end":{"line":43,"column":5}},"loc":{"start":{"line":43,"column":16},"end":{"line":45,"column":3}}},"3":{"name":"(anonymous_3)","decl":{"start":{"line":51,"column":2},"end":{"line":51,"column":4}},"loc":{"start":{"line":51,"column":15},"end":{"line":53,"column":3}}},"4":{"name":"(anonymous_4)","decl":{"start":{"line":59,"column":2},"end":{"line":59,"column":7}},"loc":{"start":{"line":59,"column":19},"end":{"line":61,"column":3}}},"5":{"name":"(anonymous_5)","decl":{"start":{"line":68,"column":2},"end":{"line":68,"column":7}},"loc":{"start":{"line":68,"column":30},"end":{"line":70,"column":3}}},"6":{"name":"(anonymous_6)","decl":{"start":{"line":79,"column":2},"end":{"line":79,"column":9}},"loc":{"start":{"line":83,"column":27},"end":{"line":87,"column":3}}},"7":{"name":"(anonymous_7)","decl":{"start":{"line":90,"column":2},"end":{"line":90,"column":12}},"loc":{"start":{"line":90,"column":28},"end":{"line":93,"column":3}}},"8":{"name":"(anonymous_8)","decl":{"start":{"line":95,"column":10},"end":{"line":95,"column":18}},"loc":{"start":{"line":95,"column":19},"end":{"line":98,"column":3}}},"9":{"name":"(anonymous_9)","decl":{"start":{"line":109,"column":2},"end":{"line":109,"column":7}},"loc":{"start":{"line":113,"column":22},"end":{"line":149,"column":3}}},"10":{"name":"(anonymous_10)","decl":{"start":{"line":119,"column":29},"end":{"line":119,"column":32}},"loc":{"start":{"line":119,"column":36},"end":{"line":125,"column":5}}},"11":{"name":"(anonymous_11)","decl":{"start":{"line":128,"column":10},"end":{"line":128,"column":12}},"loc":{"start":{"line":128,"column":16},"end":{"line":146,"column":7}}},"12":{"name":"(anonymous_12)","decl":{"start":{"line":129,"column":35},"end":{"line":129,"column":36}},"loc":{"start":{"line":129,"column":49},"end":{"line":129,"column":64}}},"13":{"name":"(anonymous_13)","decl":{"start":{"line":131,"column":18},"end":{"line":131,"column":20}},"loc":{"start":{"line":131,"column":24},"end":{"line":135,"column":11}}},"14":{"name":"(anonymous_14)","decl":{"start":{"line":137,"column":15},"end":{"line":137,"column":17}},"loc":{"start":{"line":137,"column":21},"end":{"line":145,"column":11}}},"15":{"name":"(anonymous_15)","decl":{"start":{"line":151,"column":10},"end":{"line":151,"column":19}},"loc":{"start":{"line":151,"column":51},"end":{"line":157,"column":3}}},"16":{"name":"snapToData","decl":{"start":{"line":173,"column":0},"end":{"line":173,"column":19}},"loc":{"start":{"line":173,"column":29},"end":{"line":182,"column":1}}},"17":{"name":"(anonymous_17)","decl":{"start":{"line":174,"column":13},"end":{"line":174,"column":14}},"loc":{"start":{"line":175,"column":4},"end":{"line":180,"column":6}}},"18":{"name":"(anonymous_18)","decl":{"start":{"line":175,"column":17},"end":{"line":175,"column":18}},"loc":{"start":{"line":175,"column":21},"end":{"line":180,"column":5}}},"19":{"name":"createStream","decl":{"start":{"line":187,"column":0},"end":{"line":187,"column":21}},"loc":{"start":{"line":187,"column":27},"end":{"line":195,"column":1}}},"20":{"name":"(anonymous_20)","decl":{"start":{"line":188,"column":27},"end":{"line":188,"column":34}},"loc":{"start":{"line":188,"column":38},"end":{"line":194,"column":3}}},"21":{"name":"toGeoJSON","decl":{"start":{"line":201,"column":0},"end":{"line":201,"column":25}},"loc":{"start":{"line":201,"column":70},"end":{"line":213,"column":1}}},"22":{"name":"(anonymous_22)","decl":{"start":{"line":202,"column":13},"end":{"line":202,"column":14}},"loc":{"start":{"line":202,"column":29},"end":{"line":212,"column":3}}},"23":{"name":"(anonymous_23)","decl":{"start":{"line":205,"column":25},"end":{"line":205,"column":26}},"loc":{"start":{"line":206,"column":8},"end":{"line":209,"column":9}}},"24":{"name":"get","decl":{"start":{"line":221,"column":0},"end":{"line":221,"column":19}},"loc":{"start":{"line":221,"column":47},"end":{"line":223,"column":1}}}},"branchMap":{"0":{"loc":{"start":{"line":28,"column":4},"end":{"line":28,"column":44}},"type":"if","locations":[{"start":{"line":28,"column":4},"end":{"line":28,"column":44}},{"start":{"line":28,"column":4},"end":{"line":28,"column":44}}]},"1":{"loc":{"start":{"line":43,"column":12},"end":{"line":43,"column":16}},"type":"default-arg","locations":[{"start":{"line":43,"column":12},"end":{"line":43,"column":16}}]},"2":{"loc":{"start":{"line":83,"column":20},"end":{"line":83,"column":27}},"type":"default-arg","locations":[{"start":{"line":83,"column":20},"end":{"line":83,"column":27}}]},"3":{"loc":{"start":{"line":96,"column":17},"end":{"line":96,"column":27}},"type":"binary-expr","locations":[{"start":{"line":96,"column":17},"end":{"line":96,"column":27}},{"start":{"line":96,"column":31},"end":{"line":96,"column":39}}]},"4":{"loc":{"start":{"line":97,"column":31},"end":{"line":97,"column":41}},"type":"binary-expr","locations":[{"start":{"line":97,"column":31},"end":{"line":97,"column":41}},{"start":{"line":97,"column":45},"end":{"line":97,"column":53}}]},"5":{"loc":{"start":{"line":113,"column":11},"end":{"line":113,"column":22}},"type":"default-arg","locations":[{"start":{"line":113,"column":11},"end":{"line":113,"column":22}}]},"6":{"loc":{"start":{"line":173,"column":25},"end":{"line":173,"column":29}},"type":"default-arg","locations":[{"start":{"line":173,"column":25},"end":{"line":173,"column":29}}]},"7":{"loc":{"start":{"line":177,"column":17},"end":{"line":177,"column":31}},"type":"cond-expr","locations":[{"start":{"line":177,"column":17},"end":{"line":177,"column":31}},{"start":{"line":177,"column":34},"end":{"line":177,"column":38}}]},"8":{"loc":{"start":{"line":201,"column":65},"end":{"line":201,"column":70}},"type":"default-arg","locations":[{"start":{"line":201,"column":65},"end":{"line":201,"column":70}}]},"9":{"loc":{"start":{"line":208,"column":24},"end":{"line":208,"column":31}},"type":"cond-expr","locations":[{"start":{"line":208,"column":24},"end":{"line":208,"column":31}},{"start":{"line":208,"column":36},"end":{"line":208,"column":38}}]}},"s":{"0":1,"1":1,"2":1,"3":1,"4":1,"5":9,"6":9,"7":9,"8":9,"9":1,"10":9,"11":0,"12":8,"13":0,"14":2,"15":2,"16":0,"17":0,"18":1,"19":1,"20":10,"21":10,"22":3,"23":3,"24":3,"25":3,"26":27,"27":27,"28":3,"29":6,"30":48,"31":6,"32":71,"33":71,"34":71,"35":51,"36":51,"37":51,"38":51,"39":27,"40":27,"41":1,"42":35,"43":37,"44":74,"45":37,"46":33,"47":39,"48":0,"49":0,"50":0,"51":1,"52":1,"53":1},"f":{"0":9,"1":0,"2":8,"3":0,"4":2,"5":2,"6":0,"7":1,"8":10,"9":3,"10":27,"11":6,"12":48,"13":71,"14":51,"15":27,"16":35,"17":37,"18":74,"19":37,"20":33,"21":0,"22":0,"23":0,"24":1},"b":{"0":[1,8],"1":[8],"2":[0],"3":[10,8],"4":[10,0],"5":[3],"6":[27],"7":[74,0],"8":[0],"9":[0,0]}}
,"/home/jeffd23/apps/lessons/rx-geofire/src/geohash.ts": {"path":"/home/jeffd23/apps/lessons/rx-geofire/src/geohash.ts","statementMap":{"0":{"start":{"line":4,"column":0},"end":{"line":4,"column":48}},"1":{"start":{"line":6,"column":0},"end":{"line":6,"column":37}},"2":{"start":{"line":7,"column":0},"end":{"line":7,"column":35}},"3":{"start":{"line":15,"column":11},"end":{"line":15,"column":37}},"4":{"start":{"line":16,"column":11},"end":{"line":16,"column":27}},"5":{"start":{"line":17,"column":11},"end":{"line":17,"column":28}},"6":{"start":{"line":21,"column":4},"end":{"line":21,"column":26}},"7":{"start":{"line":25,"column":4},"end":{"line":25,"column":74}},"8":{"start":{"line":29,"column":4},"end":{"line":29,"column":75}},"9":{"start":{"line":33,"column":4},"end":{"line":33,"column":51}},"10":{"start":{"line":34,"column":4},"end":{"line":41,"column":6}},"11":{"start":{"line":47,"column":4},"end":{"line":47,"column":52}},"12":{"start":{"line":54,"column":4},"end":{"line":54,"column":45}},"13":{"start":{"line":61,"column":4},"end":{"line":61,"column":45}},"14":{"start":{"line":68,"column":4},"end":{"line":71,"column":28}},"15":{"start":{"line":78,"column":4},"end":{"line":78,"column":43}},"16":{"start":{"line":85,"column":4},"end":{"line":88,"column":6}},"17":{"start":{"line":97,"column":4},"end":{"line":97,"column":69}},"18":{"start":{"line":106,"column":4},"end":{"line":106,"column":68}},"19":{"start":{"line":13,"column":0},"end":{"line":108,"column":1}}},"fnMap":{"0":{"name":"(anonymous_0)","decl":{"start":{"line":14,"column":2},"end":{"line":15,"column":10}},"loc":{"start":{"line":17,"column":28},"end":{"line":18,"column":6}}},"1":{"name":"(anonymous_1)","decl":{"start":{"line":20,"column":2},"end":{"line":20,"column":7}},"loc":{"start":{"line":20,"column":30},"end":{"line":22,"column":3}}},"2":{"name":"(anonymous_2)","decl":{"start":{"line":24,"column":2},"end":{"line":24,"column":7}},"loc":{"start":{"line":24,"column":52},"end":{"line":26,"column":3}}},"3":{"name":"(anonymous_3)","decl":{"start":{"line":28,"column":2},"end":{"line":28,"column":7}},"loc":{"start":{"line":28,"column":53},"end":{"line":30,"column":3}}},"4":{"name":"(anonymous_4)","decl":{"start":{"line":32,"column":2},"end":{"line":32,"column":7}},"loc":{"start":{"line":32,"column":54},"end":{"line":42,"column":3}}},"5":{"name":"(anonymous_5)","decl":{"start":{"line":46,"column":2},"end":{"line":46,"column":5}},"loc":{"start":{"line":46,"column":10},"end":{"line":48,"column":3}}},"6":{"name":"(anonymous_6)","decl":{"start":{"line":53,"column":2},"end":{"line":53,"column":5}},"loc":{"start":{"line":53,"column":15},"end":{"line":55,"column":3}}},"7":{"name":"(anonymous_7)","decl":{"start":{"line":60,"column":2},"end":{"line":60,"column":5}},"loc":{"start":{"line":60,"column":13},"end":{"line":62,"column":3}}},"8":{"name":"(anonymous_8)","decl":{"start":{"line":67,"column":2},"end":{"line":67,"column":5}},"loc":{"start":{"line":67,"column":14},"end":{"line":72,"column":3}}},"9":{"name":"(anonymous_9)","decl":{"start":{"line":77,"column":2},"end":{"line":77,"column":5}},"loc":{"start":{"line":77,"column":12},"end":{"line":79,"column":3}}},"10":{"name":"(anonymous_10)","decl":{"start":{"line":84,"column":2},"end":{"line":84,"column":5}},"loc":{"start":{"line":84,"column":10},"end":{"line":89,"column":3}}},"11":{"name":"(anonymous_11)","decl":{"start":{"line":96,"column":2},"end":{"line":96,"column":9}},"loc":{"start":{"line":96,"column":46},"end":{"line":98,"column":3}}},"12":{"name":"(anonymous_12)","decl":{"start":{"line":105,"column":2},"end":{"line":105,"column":8}},"loc":{"start":{"line":105,"column":45},"end":{"line":107,"column":3}}}},"branchMap":{},"s":{"0":1,"1":1,"2":1,"3":16,"4":16,"5":16,"6":5,"7":124,"8":54,"9":356,"10":356,"11":12,"12":2,"13":0,"14":7,"15":178,"16":6,"17":124,"18":54,"19":1},"f":{"0":16,"1":5,"2":124,"3":54,"4":356,"5":12,"6":2,"7":0,"8":7,"9":178,"10":6,"11":124,"12":54},"b":{}}
,"/home/jeffd23/apps/lessons/rx-geofire/src/util.ts": {"path":"/home/jeffd23/apps/lessons/rx-geofire/src/util.ts","statementMap":{"0":{"start":{"line":2,"column":2},"end":{"line":2,"column":26}},"1":{"start":{"line":1,"column":0},"end":{"line":3,"column":1}},"2":{"start":{"line":6,"column":2},"end":{"line":33,"column":3}},"3":{"start":{"line":8,"column":6},"end":{"line":8,"column":15}},"4":{"start":{"line":11,"column":6},"end":{"line":11,"column":15}},"5":{"start":{"line":14,"column":6},"end":{"line":14,"column":15}},"6":{"start":{"line":17,"column":6},"end":{"line":17,"column":15}},"7":{"start":{"line":20,"column":6},"end":{"line":20,"column":15}},"8":{"start":{"line":23,"column":6},"end":{"line":23,"column":15}},"9":{"start":{"line":26,"column":6},"end":{"line":26,"column":15}},"10":{"start":{"line":29,"column":6},"end":{"line":29,"column":15}},"11":{"start":{"line":32,"column":6},"end":{"line":32,"column":15}},"12":{"start":{"line":5,"column":0},"end":{"line":43,"column":1}},"13":{"start":{"line":47,"column":19},"end":{"line":47,"column":53}},"14":{"start":{"line":48,"column":24},"end":{"line":48,"column":26}},"15":{"start":{"line":49,"column":0},"end":{"line":51,"column":1}},"16":{"start":{"line":50,"column":2},"end":{"line":50,"column":48}},"17":{"start":{"line":53,"column":18},"end":{"line":53,"column":24}},"18":{"start":{"line":66,"column":25},"end":{"line":66,"column":65}},"19":{"start":{"line":78,"column":13},"end":{"line":131,"column":2}},"20":{"start":{"line":79,"column":2},"end":{"line":89,"column":3}},"21":{"start":{"line":80,"column":4},"end":{"line":82,"column":5}},"22":{"start":{"line":81,"column":6},"end":{"line":81,"column":70}},"23":{"start":{"line":83,"column":24},"end":{"line":83,"column":53}},"24":{"start":{"line":84,"column":25},"end":{"line":84,"column":55}},"25":{"start":{"line":85,"column":26},"end":{"line":85,"column":65}},"26":{"start":{"line":86,"column":4},"end":{"line":86,"column":56}},"27":{"start":{"line":87,"column":9},"end":{"line":89,"column":3}},"28":{"start":{"line":88,"column":4},"end":{"line":88,"column":22}},"29":{"start":{"line":91,"column":14},"end":{"line":91,"column":16}},"30":{"start":{"line":92,"column":11},"end":{"line":92,"column":12}},"31":{"start":{"line":93,"column":16},"end":{"line":93,"column":17}},"32":{"start":{"line":94,"column":17},"end":{"line":94,"column":18}},"33":{"start":{"line":95,"column":13},"end":{"line":95,"column":15}},"34":{"start":{"line":96,"column":13},"end":{"line":96,"column":16}},"35":{"start":{"line":97,"column":13},"end":{"line":97,"column":16}},"36":{"start":{"line":98,"column":13},"end":{"line":98,"column":17}},"37":{"start":{"line":100,"column":2},"end":{"line":129,"column":3}},"38":{"start":{"line":101,"column":4},"end":{"line":119,"column":5}},"39":{"start":{"line":102,"column":6},"end":{"line":102,"column":34}},"40":{"start":{"line":103,"column":6},"end":{"line":109,"column":7}},"41":{"start":{"line":104,"column":8},"end":{"line":104,"column":43}},"42":{"start":{"line":105,"column":8},"end":{"line":105,"column":21}},"43":{"start":{"line":107,"column":8},"end":{"line":107,"column":43}},"44":{"start":{"line":108,"column":8},"end":{"line":108,"column":21}},"45":{"start":{"line":111,"column":6},"end":{"line":111,"column":34}},"46":{"start":{"line":112,"column":6},"end":{"line":118,"column":7}},"47":{"start":{"line":113,"column":8},"end":{"line":113,"column":43}},"48":{"start":{"line":114,"column":8},"end":{"line":114,"column":21}},"49":{"start":{"line":116,"column":8},"end":{"line":116,"column":43}},"50":{"start":{"line":117,"column":8},"end":{"line":117,"column":21}},"51":{"start":{"line":121,"column":4},"end":{"line":121,"column":11}},"52":{"start":{"line":122,"column":4},"end":{"line":122,"column":16}},"53":{"start":{"line":123,"column":4},"end":{"line":128,"column":5}},"54":{"start":{"line":124,"column":17},"end":{"line":124,"column":41}},"55":{"start":{"line":125,"column":6},"end":{"line":125,"column":23}},"56":{"start":{"line":126,"column":6},"end":{"line":126,"column":15}},"57":{"start":{"line":127,"column":6},"end":{"line":127,"column":21}},"58":{"start":{"line":130,"column":2},"end":{"line":130,"column":24}},"59":{"start":{"line":143,"column":13},"end":{"line":176,"column":2}},"60":{"start":{"line":144,"column":2},"end":{"line":144,"column":28}},"61":{"start":{"line":146,"column":18},"end":{"line":146,"column":19}},"62":{"start":{"line":147,"column":13},"end":{"line":147,"column":15}},"63":{"start":{"line":148,"column":13},"end":{"line":148,"column":16}},"64":{"start":{"line":149,"column":13},"end":{"line":149,"column":16}},"65":{"start":{"line":150,"column":13},"end":{"line":150,"column":17}},"66":{"start":{"line":152,"column":19},"end":{"line":152,"column":20}},"67":{"start":{"line":154,"column":2},"end":{"line":174,"column":3}},"68":{"start":{"line":155,"column":4},"end":{"line":155,"column":22}},"69":{"start":{"line":156,"column":4},"end":{"line":172,"column":5}},"70":{"start":{"line":157,"column":6},"end":{"line":157,"column":34}},"71":{"start":{"line":158,"column":6},"end":{"line":163,"column":7}},"72":{"start":{"line":159,"column":8},"end":{"line":159,"column":26}},"73":{"start":{"line":160,"column":8},"end":{"line":160,"column":21}},"74":{"start":{"line":162,"column":8},"end":{"line":162,"column":21}},"75":{"start":{"line":165,"column":6},"end":{"line":165,"column":34}},"76":{"start":{"line":166,"column":6},"end":{"line":171,"column":7}},"77":{"start":{"line":167,"column":8},"end":{"line":167,"column":26}},"78":{"start":{"line":168,"column":8},"end":{"line":168,"column":21}},"79":{"start":{"line":170,"column":8},"end":{"line":170,"column":21}},"80":{"start":{"line":173,"column":4},"end":{"line":173,"column":16}},"81":{"start":{"line":175,"column":2},"end":{"line":175,"column":22}},"82":{"start":{"line":185,"column":13},"end":{"line":219,"column":2}},"83":{"start":{"line":186,"column":14},"end":{"line":186,"column":18}},"84":{"start":{"line":187,"column":13},"end":{"line":187,"column":15}},"85":{"start":{"line":188,"column":13},"end":{"line":188,"column":16}},"86":{"start":{"line":189,"column":13},"end":{"line":189,"column":16}},"87":{"start":{"line":190,"column":13},"end":{"line":190,"column":17}},"88":{"start":{"line":193,"column":18},"end":{"line":193,"column":19}},"89":{"start":{"line":194,"column":2},"end":{"line":217,"column":3}},"90":{"start":{"line":195,"column":15},"end":{"line":195,"column":43}},"91":{"start":{"line":196,"column":4},"end":{"line":196,"column":40}},"92":{"start":{"line":198,"column":4},"end":{"line":216,"column":5}},"93":{"start":{"line":199,"column":16},"end":{"line":199,"column":39}},"94":{"start":{"line":200,"column":6},"end":{"line":214,"column":7}},"95":{"start":{"line":201,"column":8},"end":{"line":201,"column":36}},"96":{"start":{"line":202,"column":8},"end":{"line":206,"column":9}},"97":{"start":{"line":203,"column":10},"end":{"line":203,"column":23}},"98":{"start":{"line":205,"column":10},"end":{"line":205,"column":23}},"99":{"start":{"line":208,"column":8},"end":{"line":208,"column":36}},"100":{"start":{"line":209,"column":8},"end":{"line":213,"column":9}},"101":{"start":{"line":210,"column":10},"end":{"line":210,"column":23}},"102":{"start":{"line":212,"column":10},"end":{"line":212,"column":23}},"103":{"start":{"line":215,"column":6},"end":{"line":215,"column":21}},"104":{"start":{"line":218,"column":2},"end":{"line":218,"column":42}},"105":{"start":{"line":229,"column":13},"end":{"line":258,"column":2}},"106":{"start":{"line":230,"column":2},"end":{"line":230,"column":28}},"107":{"start":{"line":232,"column":15},"end":{"line":232,"column":17}},"108":{"start":{"line":233,"column":13},"end":{"line":233,"column":16}},"109":{"start":{"line":234,"column":13},"end":{"line":234,"column":16}},"110":{"start":{"line":235,"column":13},"end":{"line":235,"column":17}},"111":{"start":{"line":237,"column":15},"end":{"line":237,"column":16}},"112":{"start":{"line":238,"column":13},"end":{"line":238,"column":14}},"113":{"start":{"line":239,"column":13},"end":{"line":239,"column":25}},"114":{"start":{"line":241,"column":2},"end":{"line":256,"column":3}},"115":{"start":{"line":242,"column":4},"end":{"line":242,"column":50}},"116":{"start":{"line":243,"column":4},"end":{"line":243,"column":50}},"117":{"start":{"line":245,"column":4},"end":{"line":249,"column":5}},"118":{"start":{"line":246,"column":6},"end":{"line":246,"column":37}},"119":{"start":{"line":248,"column":6},"end":{"line":248,"column":37}},"120":{"start":{"line":251,"column":4},"end":{"line":255,"column":5}},"121":{"start":{"line":252,"column":6},"end":{"line":252,"column":37}},"122":{"start":{"line":254,"column":6},"end":{"line":254,"column":37}},"123":{"start":{"line":257,"column":2},"end":{"line":257,"column":42}},"124":{"start":{"line":261,"column":2},"end":{"line":261,"column":47}},"125":{"start":{"line":272,"column":13},"end":{"line":283,"column":2}},"126":{"start":{"line":273,"column":13},"end":{"line":273,"column":36}},"127":{"start":{"line":274,"column":12},"end":{"line":274,"column":35}},"128":{"start":{"line":275,"column":12},"end":{"line":275,"column":35}},"129":{"start":{"line":276,"column":15},"end":{"line":276,"column":28}},"130":{"start":{"line":277,"column":15},"end":{"line":277,"column":28}},"131":{"start":{"line":278,"column":2},"end":{"line":282,"column":4}},"132":{"start":{"line":294,"column":13},"end":{"line":305,"column":2}},"133":{"start":{"line":295,"column":13},"end":{"line":295,"column":48}},"134":{"start":{"line":296,"column":12},"end":{"line":296,"column":35}},"135":{"start":{"line":297,"column":12},"end":{"line":297,"column":35}},"136":{"start":{"line":298,"column":15},"end":{"line":298,"column":28}},"137":{"start":{"line":299,"column":15},"end":{"line":299,"column":28}},"138":{"start":{"line":300,"column":2},"end":{"line":304,"column":4}},"139":{"start":{"line":319,"column":13},"end":{"line":325,"column":2}},"140":{"start":{"line":320,"column":15},"end":{"line":320,"column":33}},"141":{"start":{"line":321,"column":20},"end":{"line":321,"column":78}},"142":{"start":{"line":323,"column":4},"end":{"line":323,"column":64}},"143":{"start":{"line":324,"column":2},"end":{"line":324,"column":61}},"144":{"start":{"line":338,"column":13},"end":{"line":345,"column":2}},"145":{"start":{"line":339,"column":2},"end":{"line":339,"column":28}},"146":{"start":{"line":340,"column":15},"end":{"line":340,"column":45}},"147":{"start":{"line":341,"column":21},"end":{"line":341,"column":79}},"148":{"start":{"line":343,"column":4},"end":{"line":343,"column":64}},"149":{"start":{"line":344,"column":2},"end":{"line":344,"column":58}},"150":{"start":{"line":357,"column":13},"end":{"line":386,"column":2}},"151":{"start":{"line":358,"column":25},"end":{"line":358,"column":43}},"152":{"start":{"line":360,"column":15},"end":{"line":360,"column":34}},"153":{"start":{"line":361,"column":12},"end":{"line":361,"column":27}},"154":{"start":{"line":362,"column":12},"end":{"line":362,"column":28}},"155":{"start":{"line":363,"column":15},"end":{"line":363,"column":40}},"156":{"start":{"line":364,"column":15},"end":{"line":364,"column":41}},"157":{"start":{"line":368,"column":25},"end":{"line":377,"column":3}},"158":{"start":{"line":380,"column":4},"end":{"line":380,"column":49}},"159":{"start":{"line":381,"column":4},"end":{"line":381,"column":49}},"160":{"start":{"line":382,"column":4},"end":{"line":382,"column":64}},"161":{"start":{"line":385,"column":2},"end":{"line":385,"column":26}},"162":{"start":{"line":399,"column":13},"end":{"line":428,"column":2}},"163":{"start":{"line":400,"column":2},"end":{"line":400,"column":28}},"164":{"start":{"line":402,"column":15},"end":{"line":402,"column":45}},"165":{"start":{"line":403,"column":12},"end":{"line":403,"column":27}},"166":{"start":{"line":404,"column":12},"end":{"line":404,"column":28}},"167":{"start":{"line":405,"column":15},"end":{"line":405,"column":40}},"168":{"start":{"line":406,"column":15},"end":{"line":406,"column":41}},"169":{"start":{"line":410,"column":28},"end":{"line":419,"column":3}},"170":{"start":{"line":422,"column":4},"end":{"line":422,"column":49}},"171":{"start":{"line":423,"column":4},"end":{"line":423,"column":49}},"172":{"start":{"line":424,"column":4},"end":{"line":424,"column":60}},"173":{"start":{"line":427,"column":2},"end":{"line":427,"column":29}},"174":{"start":{"line":441,"column":13},"end":{"line":467,"column":2}},"175":{"start":{"line":442,"column":2},"end":{"line":442,"column":37}},"176":{"start":{"line":444,"column":22},"end":{"line":444,"column":59}},"177":{"start":{"line":445,"column":22},"end":{"line":445,"column":59}},"178":{"start":{"line":447,"column":15},"end":{"line":447,"column":36}},"179":{"start":{"line":449,"column":15},"end":{"line":449,"column":40}},"180":{"start":{"line":450,"column":15},"end":{"line":450,"column":41}},"181":{"start":{"line":452,"column":21},"end":{"line":452,"column":47}},"182":{"start":{"line":453,"column":21},"end":{"line":453,"column":47}},"183":{"start":{"line":455,"column":16},"end":{"line":455,"column":72}},"184":{"start":{"line":456,"column":16},"end":{"line":456,"column":72}},"185":{"start":{"line":458,"column":17},"end":{"line":458,"column":19}},"186":{"start":{"line":460,"column":2},"end":{"line":464,"column":3}},"187":{"start":{"line":461,"column":4},"end":{"line":463,"column":5}},"188":{"start":{"line":462,"column":6},"end":{"line":462,"column":57}},"189":{"start":{"line":466,"column":2},"end":{"line":466,"column":18}},"190":{"start":{"line":480,"column":13},"end":{"line":506,"column":2}},"191":{"start":{"line":481,"column":2},"end":{"line":481,"column":28}},"192":{"start":{"line":483,"column":22},"end":{"line":483,"column":58}},"193":{"start":{"line":484,"column":22},"end":{"line":484,"column":58}},"194":{"start":{"line":486,"column":15},"end":{"line":486,"column":50}},"195":{"start":{"line":488,"column":15},"end":{"line":488,"column":40}},"196":{"start":{"line":489,"column":15},"end":{"line":489,"column":41}},"197":{"start":{"line":491,"column":21},"end":{"line":491,"column":61}},"198":{"start":{"line":492,"column":21},"end":{"line":492,"column":61}},"199":{"start":{"line":494,"column":16},"end":{"line":494,"column":72}},"200":{"start":{"line":495,"column":16},"end":{"line":495,"column":72}},"201":{"start":{"line":497,"column":17},"end":{"line":497,"column":19}},"202":{"start":{"line":499,"column":2},"end":{"line":503,"column":3}},"203":{"start":{"line":500,"column":4},"end":{"line":502,"column":5}},"204":{"start":{"line":501,"column":6},"end":{"line":501,"column":71}},"205":{"start":{"line":505,"column":2},"end":{"line":505,"column":18}}},"fnMap":{"0":{"name":"flip","decl":{"start":{"line":1,"column":0},"end":{"line":1,"column":20}},"loc":{"start":{"line":1,"column":24},"end":{"line":3,"column":1}}},"1":{"name":"setPrecsion","decl":{"start":{"line":5,"column":0},"end":{"line":5,"column":27}},"loc":{"start":{"line":5,"column":38},"end":{"line":43,"column":1}}},"2":{"name":"(anonymous_2)","decl":{"start":{"line":78,"column":22},"end":{"line":78,"column":30}},"loc":{"start":{"line":78,"column":65},"end":{"line":131,"column":1}}},"3":{"name":"(anonymous_3)","decl":{"start":{"line":143,"column":26},"end":{"line":143,"column":34}},"loc":{"start":{"line":143,"column":64},"end":{"line":176,"column":1}}},"4":{"name":"(anonymous_4)","decl":{"start":{"line":185,"column":27},"end":{"line":185,"column":35}},"loc":{"start":{"line":185,"column":47},"end":{"line":219,"column":1}}},"5":{"name":"(anonymous_5)","decl":{"start":{"line":229,"column":31},"end":{"line":229,"column":39}},"loc":{"start":{"line":229,"column":57},"end":{"line":258,"column":1}}},"6":{"name":"get_bit","decl":{"start":{"line":260,"column":0},"end":{"line":260,"column":16}},"loc":{"start":{"line":260,"column":31},"end":{"line":262,"column":1}}},"7":{"name":"(anonymous_7)","decl":{"start":{"line":272,"column":22},"end":{"line":272,"column":30}},"loc":{"start":{"line":272,"column":41},"end":{"line":283,"column":1}}},"8":{"name":"(anonymous_8)","decl":{"start":{"line":294,"column":26},"end":{"line":294,"column":34}},"loc":{"start":{"line":294,"column":53},"end":{"line":305,"column":1}}},"9":{"name":"(anonymous_9)","decl":{"start":{"line":319,"column":24},"end":{"line":319,"column":32}},"loc":{"start":{"line":319,"column":54},"end":{"line":325,"column":1}}},"10":{"name":"(anonymous_10)","decl":{"start":{"line":338,"column":28},"end":{"line":338,"column":36}},"loc":{"start":{"line":338,"column":66},"end":{"line":345,"column":1}}},"11":{"name":"(anonymous_11)","decl":{"start":{"line":357,"column":25},"end":{"line":357,"column":33}},"loc":{"start":{"line":357,"column":45},"end":{"line":386,"column":1}}},"12":{"name":"encodeNeighbor","decl":{"start":{"line":379,"column":2},"end":{"line":379,"column":25}},"loc":{"start":{"line":379,"column":56},"end":{"line":383,"column":3}}},"13":{"name":"(anonymous_13)","decl":{"start":{"line":399,"column":29},"end":{"line":399,"column":37}},"loc":{"start":{"line":399,"column":56},"end":{"line":428,"column":1}}},"14":{"name":"encodeNeighbor_int","decl":{"start":{"line":421,"column":2},"end":{"line":421,"column":29}},"loc":{"start":{"line":421,"column":60},"end":{"line":425,"column":3}}},"15":{"name":"(anonymous_15)","decl":{"start":{"line":441,"column":22},"end":{"line":441,"column":30}},"loc":{"start":{"line":441,"column":76},"end":{"line":467,"column":1}}},"16":{"name":"(anonymous_16)","decl":{"start":{"line":480,"column":26},"end":{"line":480,"column":34}},"loc":{"start":{"line":480,"column":75},"end":{"line":506,"column":1}}}},"branchMap":{"0":{"loc":{"start":{"line":7,"column":4},"end":{"line":8,"column":15}},"type":"switch","locations":[{"start":{"line":7,"column":4},"end":{"line":8,"column":15}},{"start":{"line":10,"column":4},"end":{"line":11,"column":15}},{"start":{"line":13,"column":4},"end":{"line":14,"column":15}},{"start":{"line":16,"column":4},"end":{"line":17,"column":15}},{"start":{"line":19,"column":4},"end":{"line":20,"column":15}},{"start":{"line":22,"column":4},"end":{"line":23,"column":15}},{"start":{"line":25,"column":4},"end":{"line":26,"column":15}},{"start":{"line":28,"column":4},"end":{"line":29,"column":15}},{"start":{"line":31,"column":4},"end":{"line":32,"column":15}}]},"1":{"loc":{"start":{"line":79,"column":2},"end":{"line":89,"column":3}},"type":"if","locations":[{"start":{"line":79,"column":2},"end":{"line":89,"column":3}},{"start":{"line":79,"column":2},"end":{"line":89,"column":3}}]},"2":{"loc":{"start":{"line":80,"column":4},"end":{"line":82,"column":5}},"type":"if","locations":[{"start":{"line":80,"column":4},"end":{"line":82,"column":5}},{"start":{"line":80,"column":4},"end":{"line":82,"column":5}}]},"3":{"loc":{"start":{"line":80,"column":8},"end":{"line":80,"column":36}},"type":"binary-expr","locations":[{"start":{"line":80,"column":8},"end":{"line":80,"column":36}},{"start":{"line":80,"column":40},"end":{"line":80,"column":69}}]},"4":{"loc":{"start":{"line":87,"column":9},"end":{"line":89,"column":3}},"type":"if","locations":[{"start":{"line":87,"column":9},"end":{"line":89,"column":3}},{"start":{"line":87,"column":9},"end":{"line":89,"column":3}}]},"5":{"loc":{"start":{"line":101,"column":4},"end":{"line":119,"column":5}},"type":"if","locations":[{"start":{"line":101,"column":4},"end":{"line":119,"column":5}},{"start":{"line":101,"column":4},"end":{"line":119,"column":5}}]},"6":{"loc":{"start":{"line":103,"column":6},"end":{"line":109,"column":7}},"type":"if","locations":[{"start":{"line":103,"column":6},"end":{"line":109,"column":7}},{"start":{"line":103,"column":6},"end":{"line":109,"column":7}}]},"7":{"loc":{"start":{"line":112,"column":6},"end":{"line":118,"column":7}},"type":"if","locations":[{"start":{"line":112,"column":6},"end":{"line":118,"column":7}},{"start":{"line":112,"column":6},"end":{"line":118,"column":7}}]},"8":{"loc":{"start":{"line":123,"column":4},"end":{"line":128,"column":5}},"type":"if","locations":[{"start":{"line":123,"column":4},"end":{"line":128,"column":5}},{"start":{"line":123,"column":4},"end":{"line":128,"column":5}}]},"9":{"loc":{"start":{"line":144,"column":13},"end":{"line":144,"column":21}},"type":"binary-expr","locations":[{"start":{"line":144,"column":13},"end":{"line":144,"column":21}},{"start":{"line":144,"column":25},"end":{"line":144,"column":27}}]},"10":{"loc":{"start":{"line":156,"column":4},"end":{"line":172,"column":5}},"type":"if","locations":[{"start":{"line":156,"column":4},"end":{"line":172,"column":5}},{"start":{"line":156,"column":4},"end":{"line":172,"column":5}}]},"11":{"loc":{"start":{"line":158,"column":6},"end":{"line":163,"column":7}},"type":"if","locations":[{"start":{"line":158,"column":6},"end":{"line":163,"column":7}},{"start":{"line":158,"column":6},"end":{"line":163,"column":7}}]},"12":{"loc":{"start":{"line":166,"column":6},"end":{"line":171,"column":7}},"type":"if","locations":[{"start":{"line":166,"column":6},"end":{"line":171,"column":7}},{"start":{"line":166,"column":6},"end":{"line":171,"column":7}}]},"13":{"loc":{"start":{"line":200,"column":6},"end":{"line":214,"column":7}},"type":"if","locations":[{"start":{"line":200,"column":6},"end":{"line":214,"column":7}},{"start":{"line":200,"column":6},"end":{"line":214,"column":7}}]},"14":{"loc":{"start":{"line":202,"column":8},"end":{"line":206,"column":9}},"type":"if","locations":[{"start":{"line":202,"column":8},"end":{"line":206,"column":9}},{"start":{"line":202,"column":8},"end":{"line":206,"column":9}}]},"15":{"loc":{"start":{"line":209,"column":8},"end":{"line":213,"column":9}},"type":"if","locations":[{"start":{"line":209,"column":8},"end":{"line":213,"column":9}},{"start":{"line":209,"column":8},"end":{"line":213,"column":9}}]},"16":{"loc":{"start":{"line":230,"column":13},"end":{"line":230,"column":21}},"type":"binary-expr","locations":[{"start":{"line":230,"column":13},"end":{"line":230,"column":21}},{"start":{"line":230,"column":25},"end":{"line":230,"column":27}}]},"17":{"loc":{"start":{"line":245,"column":4},"end":{"line":249,"column":5}},"type":"if","locations":[{"start":{"line":245,"column":4},"end":{"line":249,"column":5}},{"start":{"line":245,"column":4},"end":{"line":249,"column":5}}]},"18":{"loc":{"start":{"line":251,"column":4},"end":{"line":255,"column":5}},"type":"if","locations":[{"start":{"line":251,"column":4},"end":{"line":255,"column":5}},{"start":{"line":251,"column":4},"end":{"line":255,"column":5}}]},"19":{"loc":{"start":{"line":339,"column":13},"end":{"line":339,"column":21}},"type":"binary-expr","locations":[{"start":{"line":339,"column":13},"end":{"line":339,"column":21}},{"start":{"line":339,"column":25},"end":{"line":339,"column":27}}]},"20":{"loc":{"start":{"line":400,"column":13},"end":{"line":400,"column":21}},"type":"binary-expr","locations":[{"start":{"line":400,"column":13},"end":{"line":400,"column":21}},{"start":{"line":400,"column":25},"end":{"line":400,"column":27}}]},"21":{"loc":{"start":{"line":442,"column":18},"end":{"line":442,"column":31}},"type":"binary-expr","locations":[{"start":{"line":442,"column":18},"end":{"line":442,"column":31}},{"start":{"line":442,"column":35},"end":{"line":442,"column":36}}]},"22":{"loc":{"start":{"line":481,"column":13},"end":{"line":481,"column":21}},"type":"binary-expr","locations":[{"start":{"line":481,"column":13},"end":{"line":481,"column":21}},{"start":{"line":481,"column":25},"end":{"line":481,"column":27}}]}},"s":{"0":356,"1":1,"2":3,"3":0,"4":0,"5":0,"6":2,"7":0,"8":1,"9":0,"10":0,"11":0,"12":1,"13":1,"14":1,"15":1,"16":32,"17":1,"18":1,"19":1,"20":52,"21":0,"22":0,"23":0,"24":0,"25":0,"26":0,"27":52,"28":0,"29":52,"30":52,"31":52,"32":52,"33":52,"34":52,"35":52,"36":52,"37":52,"38":1900,"39":964,"40":964,"41":428,"42":428,"43":536,"44":536,"45":936,"46":936,"47":507,"48":507,"49":429,"50":429,"51":1900,"52":1900,"53":1900,"54":380,"55":380,"56":380,"57":380,"58":52,"59":1,"60":0,"61":0,"62":0,"63":0,"64":0,"65":0,"66":0,"67":0,"68":0,"69":0,"70":0,"71":0,"72":0,"73":0,"74":0,"75":0,"76":0,"77":0,"78":0,"79":0,"80":0,"81":0,"82":1,"83":5,"84":5,"85":5,"86":5,"87":5,"88":5,"89":5,"90":34,"91":34,"92":34,"93":170,"94":170,"95":86,"96":86,"97":40,"98":46,"99":84,"100":84,"101":42,"102":42,"103":170,"104":5,"105":1,"106":0,"107":0,"108":0,"109":0,"110":0,"111":0,"112":0,"113":0,"114":0,"115":0,"116":0,"117":0,"118":0,"119":0,"120":0,"121":0,"122":0,"123":0,"124":0,"125":1,"126":5,"127":5,"128":5,"129":5,"130":5,"131":5,"132":1,"133":0,"134":0,"135":0,"136":0,"137":0,"138":0,"139":1,"140":0,"141":0,"142":0,"143":0,"144":1,"145":0,"146":0,"147":0,"148":0,"149":0,"150":1,"151":5,"152":5,"153":5,"154":5,"155":5,"156":5,"157":5,"158":40,"159":40,"160":40,"161":5,"162":1,"163":0,"164":0,"165":0,"166":0,"167":0,"168":0,"169":0,"170":0,"171":0,"172":0,"173":0,"174":1,"175":0,"176":0,"177":0,"178":0,"179":0,"180":0,"181":0,"182":0,"183":0,"184":0,"185":0,"186":0,"187":0,"188":0,"189":0,"190":1,"191":0,"192":0,"193":0,"194":0,"195":0,"196":0,"197":0,"198":0,"199":0,"200":0,"201":0,"202":0,"203":0,"204":0,"205":0},"f":{"0":356,"1":3,"2":52,"3":0,"4":5,"5":0,"6":0,"7":5,"8":0,"9":0,"10":0,"11":5,"12":40,"13":0,"14":0,"15":0,"16":0},"b":{"0":[0,0,0,2,0,1,0,0,0],"1":[0,52],"2":[0,0],"3":[0,0],"4":[0,52],"5":[964,936],"6":[428,536],"7":[507,429],"8":[380,1520],"9":[0,0],"10":[0,0],"11":[0,0],"12":[0,0],"13":[86,84],"14":[40,46],"15":[42,42],"16":[0,0],"17":[0,0],"18":[0,0],"19":[0,0],"20":[0,0],"21":[0,0],"22":[0,0]}}
}
