TN:
SF:spec/util.ts
FNF:0
FNH:0
DA:1,1
DA:3,1
DA:12,1
LF:3
LH:3
BRF:0
BRH:0
end_of_record
TN:
SF:src/client.ts
FN:14,(anonymous_0)
FN:22,(anonymous_1)
FN:32,(anonymous_2)
FN:48,(anonymous_3)
FN:61,(anonymous_4)
FN:74,init
FNF:6
FNH:5
FNDA:1,(anonymous_0)
FNDA:7,(anonymous_1)
FNDA:20,(anonymous_2)
FNDA:2,(anonymous_3)
FNDA:3,(anonymous_4)
FNDA:0,init
DA:3,1
DA:5,1
DA:6,1
DA:13,1
DA:14,1
DA:23,7
DA:33,20
DA:49,2
DA:62,3
DA:74,1
DA:75,0
LF:11
LH:10
BRDA:22,0,0,6
BRF:1
BRH:1
end_of_record
TN:
SF:src/query.ts
FN:51,(anonymous_0)
FN:73,(anonymous_1)
FN:92,(anonymous_2)
FN:100,(anonymous_3)
FN:102,(anonymous_4)
FN:105,(anonymous_5)
FN:126,(anonymous_6)
FN:136,(anonymous_7)
FN:139,(anonymous_8)
FN:157,(anonymous_9)
FN:176,(anonymous_10)
FN:184,(anonymous_11)
FN:186,(anonymous_12)
FN:189,(anonymous_13)
FN:210,(anonymous_14)
FN:220,(anonymous_15)
FN:223,(anonymous_16)
FN:232,(anonymous_17)
FN:291,snapToData
FN:292,(anonymous_19)
FN:293,(anonymous_20)
FN:305,createStream
FN:306,(anonymous_22)
FN:308,(anonymous_23)
FN:309,(anonymous_24)
FN:329,toGeoJSON
FN:330,(anonymous_26)
FN:333,(anonymous_27)
FN:349,get
FNF:29
FNH:20
FNDA:7,(anonymous_0)
FNDA:6,(anonymous_1)
FNDA:54,(anonymous_2)
FNDA:8,(anonymous_3)
FNDA:64,(anonymous_4)
FNDA:77,(anonymous_5)
FNDA:50,(anonymous_6)
FNDA:104,(anonymous_7)
FNDA:6,(anonymous_8)
FNDA:0,(anonymous_9)
FNDA:0,(anonymous_10)
FNDA:0,(anonymous_11)
FNDA:0,(anonymous_12)
FNDA:0,(anonymous_13)
FNDA:0,(anonymous_14)
FNDA:0,(anonymous_15)
FNDA:0,(anonymous_16)
FNDA:54,(anonymous_17)
FNDA:54,snapToData
FNDA:56,(anonymous_19)
FNDA:69,(anonymous_20)
FNDA:54,createStream
FNDA:54,(anonymous_22)
FNDA:56,(anonymous_23)
FNDA:0,(anonymous_24)
FNDA:1,toGeoJSON
FNDA:1,(anonymous_26)
FNDA:2,(anonymous_27)
FNDA:2,get
DA:3,1
DA:5,1
DA:6,1
DA:9,1
DA:38,1
DA:45,1
DA:52,7
DA:53,7
DA:54,7
DA:56,7
DA:57,7
DA:58,6
DA:60,1
DA:79,6
DA:80,6
DA:81,6
DA:82,6
DA:83,6
DA:84,6
DA:86,6
DA:89,6
DA:92,6
DA:93,54
DA:94,54
DA:99,6
DA:102,64
DA:105,8
DA:106,77
DA:108,77
DA:115,8
DA:116,0
DA:117,0
DA:118,0
DA:119,0
DA:120,0
DA:121,0
DA:125,8
DA:127,50
DA:129,50
DA:133,50
DA:136,104
DA:140,6
DA:141,6
DA:145,6
DA:163,0
DA:164,0
DA:165,0
DA:166,0
DA:167,0
DA:168,0
DA:170,0
DA:173,0
DA:176,0
DA:177,0
DA:178,0
DA:183,0
DA:186,0
DA:189,0
DA:190,0
DA:192,0
DA:199,0
DA:200,0
DA:201,0
DA:202,0
DA:203,0
DA:204,0
DA:205,0
DA:209,0
DA:211,0
DA:213,0
DA:217,0
DA:220,0
DA:224,0
DA:225,0
DA:229,0
DA:233,54
DA:234,54
DA:235,0
DA:236,0
DA:243,0
DA:245,0
DA:253,0
DA:256,54
DA:257,45
DA:263,45
DA:265,9
DA:272,9
DA:292,54
DA:293,56
DA:294,69
DA:306,54
DA:307,54
DA:308,56
DA:309,0
DA:311,54
DA:329,1
DA:330,1
DA:331,1
DA:334,2
DA:349,1
DA:350,2
LF:101
LH:58
BRDA:54,0,0,0
BRDA:57,1,0,6
BRDA:57,1,1,1
BRDA:115,2,0,0
BRDA:140,3,0,6
BRDA:140,3,1,0
BRDA:199,4,0,0
BRDA:224,5,0,0
BRDA:224,5,1,0
BRDA:232,6,0,54
BRDA:234,7,0,0
BRDA:234,7,1,54
BRDA:235,8,0,0
BRDA:235,8,1,0
BRDA:256,9,0,45
BRDA:256,9,1,9
BRDA:291,10,0,54
BRDA:295,11,0,69
BRDA:295,11,1,0
BRDA:329,12,0,1
BRDA:336,13,0,0
BRDA:336,13,1,2
BRF:22
BRH:11
end_of_record
TN:
SF:src/util.ts
FN:16,distance
FN:20,bearing
FN:24,toGeoJSONFeature
FN:37,flip
FN:41,setPrecision
FN:117,(anonymous_5)
FN:182,(anonymous_6)
FN:224,(anonymous_7)
FN:268,(anonymous_8)
FN:299,get_bit
FN:311,(anonymous_10)
FN:333,(anonymous_11)
FN:358,(anonymous_12)
FN:377,(anonymous_13)
FN:396,(anonymous_14)
FN:418,encodeNeighbor
FNF:16
FNH:10
FNDA:129,distance
FNDA:53,bearing
FNDA:366,toGeoJSONFeature
FNDA:366,flip
FNDA:6,setPrecision
FNDA:84,(anonymous_5)
FNDA:0,(anonymous_6)
FNDA:8,(anonymous_7)
FNDA:0,(anonymous_8)
FNDA:0,get_bit
FNDA:8,(anonymous_10)
FNDA:0,(anonymous_11)
FNDA:0,(anonymous_12)
FNDA:0,(anonymous_13)
FNDA:8,(anonymous_14)
FNDA:64,encodeNeighbor
DA:4,1
DA:5,1
DA:16,1
DA:17,129
DA:20,1
DA:21,53
DA:24,1
DA:25,366
DA:26,366
DA:37,1
DA:38,366
DA:41,1
DA:42,6
DA:44,0
DA:47,0
DA:50,0
DA:53,3
DA:56,0
DA:59,2
DA:62,1
DA:65,0
DA:68,0
DA:84,1
DA:85,1
DA:86,1
DA:87,32
DA:90,1
DA:104,1
DA:117,1
DA:118,84
DA:119,0
DA:120,0
DA:122,0
DA:123,0
DA:124,0
DA:125,0
DA:126,84
DA:127,0
DA:130,84
DA:131,84
DA:132,84
DA:133,84
DA:134,84
DA:135,84
DA:136,84
DA:138,84
DA:139,84
DA:140,2780
DA:141,1412
DA:142,1412
DA:143,650
DA:144,650
DA:146,762
DA:147,762
DA:150,1368
DA:151,1368
DA:152,754
DA:153,754
DA:155,614
DA:156,614
DA:160,2780
DA:161,2780
DA:162,2780
DA:163,556
DA:164,556
DA:165,556
DA:166,556
DA:169,84
DA:182,1
DA:183,0
DA:185,0
DA:186,0
DA:187,0
DA:188,0
DA:189,0
DA:191,0
DA:193,0
DA:194,0
DA:195,0
DA:196,0
DA:197,0
DA:198,0
DA:199,0
DA:201,0
DA:204,0
DA:205,0
DA:206,0
DA:207,0
DA:209,0
DA:212,0
DA:214,0
DA:224,1
DA:225,8
DA:226,8
DA:227,8
DA:228,8
DA:229,8
DA:232,8
DA:233,8
DA:234,47
DA:235,47
DA:237,47
DA:238,235
DA:239,235
DA:240,119
DA:241,119
DA:242,55
DA:244,64
DA:247,116
DA:248,116
DA:249,61
DA:251,55
DA:254,235
DA:257,8
DA:268,1
DA:269,0
DA:271,0
DA:272,0
DA:273,0
DA:274,0
DA:276,0
DA:277,0
DA:278,0
DA:280,0
DA:281,0
DA:282,0
DA:284,0
DA:285,0
DA:287,0
DA:290,0
DA:291,0
DA:293,0
DA:296,0
DA:300,0
DA:311,1
DA:312,8
DA:313,8
DA:314,8
DA:315,8
DA:316,8
DA:317,8
DA:333,1
DA:334,0
DA:335,0
DA:336,0
DA:337,0
DA:338,0
DA:339,0
DA:358,1
DA:359,0
DA:360,0
DA:362,0
DA:363,0
DA:377,1
DA:378,0
DA:379,0
DA:380,0
DA:382,0
DA:383,0
DA:396,1
DA:397,8
DA:399,8
DA:400,8
DA:401,8
DA:402,8
DA:403,8
DA:407,8
DA:419,64
DA:420,64
DA:421,64
DA:424,8
LF:171
LH:102
BRDA:24,0,0,364
BRDA:42,1,0,0
BRDA:42,1,1,0
BRDA:42,1,2,0
BRDA:42,1,3,3
BRDA:42,1,4,0
BRDA:42,1,5,2
BRDA:42,1,6,1
BRDA:42,1,7,0
BRDA:42,1,8,0
BRDA:118,2,0,0
BRDA:118,2,1,84
BRDA:119,3,0,0
BRDA:119,4,0,0
BRDA:119,4,1,0
BRDA:126,5,0,0
BRDA:140,6,0,1412
BRDA:140,6,1,1368
BRDA:142,7,0,650
BRDA:142,7,1,762
BRDA:151,8,0,754
BRDA:151,8,1,614
BRDA:162,9,0,556
BRDA:183,10,0,0
BRDA:183,10,1,0
BRDA:195,11,0,0
BRDA:195,11,1,0
BRDA:197,12,0,0
BRDA:197,12,1,0
BRDA:205,13,0,0
BRDA:205,13,1,0
BRDA:239,14,0,119
BRDA:239,14,1,116
BRDA:241,15,0,55
BRDA:241,15,1,64
BRDA:248,16,0,61
BRDA:248,16,1,55
BRDA:269,17,0,0
BRDA:269,17,1,0
BRDA:284,18,0,0
BRDA:284,18,1,0
BRDA:290,19,0,0
BRDA:290,19,1,0
BRDA:378,20,0,0
BRDA:378,20,1,0
BRF:45
BRH:18
end_of_record
