TN:
SF:/home/jeffd23/apps/lessons/rx-geofire/spec/util.ts
FNF:0
FNH:0
DA:1,1
LF:1
LH:1
BRF:0
BRH:0
end_of_record
TN:
SF:/home/jeffd23/apps/lessons/rx-geofire/src/client.ts
FN:7,(anonymous_0)
FN:15,(anonymous_1)
FN:24,(anonymous_2)
FN:33,init
FNF:4
FNH:3
FNDA:1,(anonymous_0)
FNDA:9,(anonymous_1)
FNDA:16,(anonymous_2)
FNDA:0,init
DA:3,1
DA:4,1
DA:6,1
DA:7,1
DA:16,9
DA:25,16
DA:33,1
DA:34,0
LF:8
LH:7
BRF:0
BRH:0
end_of_record
TN:
SF:/home/jeffd23/apps/lessons/rx-geofire/src/collection.ts
FN:22,(anonymous_0)
FN:35,(anonymous_1)
FN:43,(anonymous_2)
FN:51,(anonymous_3)
FN:59,(anonymous_4)
FN:68,(anonymous_5)
FN:79,(anonymous_6)
FN:90,(anonymous_7)
FN:95,(anonymous_8)
FN:109,(anonymous_9)
FN:119,(anonymous_10)
FN:128,(anonymous_11)
FN:129,(anonymous_12)
FN:131,(anonymous_13)
FN:137,(anonymous_14)
FN:151,(anonymous_15)
FN:173,snapToData
FN:174,(anonymous_17)
FN:175,(anonymous_18)
FN:187,createStream
FN:188,(anonymous_20)
FN:201,toGeoJSON
FN:202,(anonymous_22)
FN:205,(anonymous_23)
FN:221,get
FNF:25
FNH:19
FNDA:9,(anonymous_0)
FNDA:0,(anonymous_1)
FNDA:8,(anonymous_2)
FNDA:0,(anonymous_3)
FNDA:2,(anonymous_4)
FNDA:2,(anonymous_5)
FNDA:0,(anonymous_6)
FNDA:1,(anonymous_7)
FNDA:10,(anonymous_8)
FNDA:3,(anonymous_9)
FNDA:27,(anonymous_10)
FNDA:6,(anonymous_11)
FNDA:48,(anonymous_12)
FNDA:71,(anonymous_13)
FNDA:51,(anonymous_14)
FNDA:27,(anonymous_15)
FNDA:35,snapToData
FNDA:37,(anonymous_17)
FNDA:74,(anonymous_18)
FNDA:37,createStream
FNDA:33,(anonymous_20)
FNDA:0,toGeoJSON
FNDA:0,(anonymous_22)
FNDA:0,(anonymous_23)
FNDA:1,get
DA:3,1
DA:4,1
DA:5,1
DA:6,1
DA:15,1
DA:17,1
DA:23,9
DA:24,9
DA:27,9
DA:28,9
DA:29,9
DA:36,0
DA:44,8
DA:52,0
DA:60,2
DA:69,2
DA:85,0
DA:86,0
DA:91,1
DA:92,1
DA:96,10
DA:97,10
DA:115,3
DA:116,3
DA:117,3
DA:119,3
DA:120,27
DA:121,27
DA:127,3
DA:129,48
DA:130,6
DA:132,71
DA:133,71
DA:134,71
DA:138,51
DA:139,51
DA:140,51
DA:144,51
DA:152,27
DA:153,27
DA:174,35
DA:175,37
DA:176,74
DA:188,37
DA:189,33
DA:191,39
DA:201,1
DA:202,0
DA:203,0
DA:206,0
DA:221,1
DA:222,1
LF:52
LH:45
BRDA:28,0,0,1
BRDA:28,0,1,8
BRDA:43,1,0,8
BRDA:83,2,0,0
BRDA:96,3,0,10
BRDA:96,3,1,8
BRDA:97,4,0,10
BRDA:97,4,1,0
BRDA:113,5,0,3
BRDA:173,6,0,27
BRDA:177,7,0,74
BRDA:177,7,1,0
BRDA:201,8,0,0
BRDA:208,9,0,0
BRDA:208,9,1,0
BRF:15
BRH:9
end_of_record
TN:
SF:/home/jeffd23/apps/lessons/rx-geofire/src/geohash.ts
FN:14,(anonymous_0)
FN:20,(anonymous_1)
FN:24,(anonymous_2)
FN:28,(anonymous_3)
FN:32,(anonymous_4)
FN:46,(anonymous_5)
FN:53,(anonymous_6)
FN:60,(anonymous_7)
FN:67,(anonymous_8)
FN:77,(anonymous_9)
FN:84,(anonymous_10)
FN:96,(anonymous_11)
FN:105,(anonymous_12)
FNF:13
FNH:12
FNDA:16,(anonymous_0)
FNDA:5,(anonymous_1)
FNDA:124,(anonymous_2)
FNDA:54,(anonymous_3)
FNDA:356,(anonymous_4)
FNDA:12,(anonymous_5)
FNDA:2,(anonymous_6)
FNDA:0,(anonymous_7)
FNDA:7,(anonymous_8)
FNDA:178,(anonymous_9)
FNDA:6,(anonymous_10)
FNDA:124,(anonymous_11)
FNDA:54,(anonymous_12)
DA:4,1
DA:6,1
DA:7,1
DA:13,1
DA:15,16
DA:16,16
DA:17,16
DA:21,5
DA:25,124
DA:29,54
DA:33,356
DA:34,356
DA:47,12
DA:54,2
DA:61,0
DA:68,7
DA:78,178
DA:85,6
DA:97,124
DA:106,54
LF:20
LH:19
BRF:0
BRH:0
end_of_record
TN:
SF:/home/jeffd23/apps/lessons/rx-geofire/src/util.ts
FN:1,flip
FN:5,setPrecsion
FN:78,(anonymous_2)
FN:143,(anonymous_3)
FN:185,(anonymous_4)
FN:229,(anonymous_5)
FN:260,get_bit
FN:272,(anonymous_7)
FN:294,(anonymous_8)
FN:319,(anonymous_9)
FN:338,(anonymous_10)
FN:357,(anonymous_11)
FN:379,encodeNeighbor
FN:399,(anonymous_13)
FN:421,encodeNeighbor_int
FN:441,(anonymous_15)
FN:480,(anonymous_16)
FNF:17
FNH:7
FNDA:356,flip
FNDA:3,setPrecsion
FNDA:52,(anonymous_2)
FNDA:0,(anonymous_3)
FNDA:5,(anonymous_4)
FNDA:0,(anonymous_5)
FNDA:0,get_bit
FNDA:5,(anonymous_7)
FNDA:0,(anonymous_8)
FNDA:0,(anonymous_9)
FNDA:0,(anonymous_10)
FNDA:5,(anonymous_11)
FNDA:40,encodeNeighbor
FNDA:0,(anonymous_13)
FNDA:0,encodeNeighbor_int
FNDA:0,(anonymous_15)
FNDA:0,(anonymous_16)
DA:1,1
DA:2,356
DA:5,1
DA:6,3
DA:8,0
DA:11,0
DA:14,0
DA:17,2
DA:20,0
DA:23,1
DA:26,0
DA:29,0
DA:32,0
DA:47,1
DA:48,1
DA:49,1
DA:50,32
DA:53,1
DA:66,1
DA:78,1
DA:79,52
DA:80,0
DA:81,0
DA:83,0
DA:84,0
DA:85,0
DA:86,0
DA:87,52
DA:88,0
DA:91,52
DA:92,52
DA:93,52
DA:94,52
DA:95,52
DA:96,52
DA:97,52
DA:98,52
DA:100,52
DA:101,1900
DA:102,964
DA:103,964
DA:104,428
DA:105,428
DA:107,536
DA:108,536
DA:111,936
DA:112,936
DA:113,507
DA:114,507
DA:116,429
DA:117,429
DA:121,1900
DA:122,1900
DA:123,1900
DA:124,380
DA:125,380
DA:126,380
DA:127,380
DA:130,52
DA:143,1
DA:144,0
DA:146,0
DA:147,0
DA:148,0
DA:149,0
DA:150,0
DA:152,0
DA:154,0
DA:155,0
DA:156,0
DA:157,0
DA:158,0
DA:159,0
DA:160,0
DA:162,0
DA:165,0
DA:166,0
DA:167,0
DA:168,0
DA:170,0
DA:173,0
DA:175,0
DA:185,1
DA:186,5
DA:187,5
DA:188,5
DA:189,5
DA:190,5
DA:193,5
DA:194,5
DA:195,34
DA:196,34
DA:198,34
DA:199,170
DA:200,170
DA:201,86
DA:202,86
DA:203,40
DA:205,46
DA:208,84
DA:209,84
DA:210,42
DA:212,42
DA:215,170
DA:218,5
DA:229,1
DA:230,0
DA:232,0
DA:233,0
DA:234,0
DA:235,0
DA:237,0
DA:238,0
DA:239,0
DA:241,0
DA:242,0
DA:243,0
DA:245,0
DA:246,0
DA:248,0
DA:251,0
DA:252,0
DA:254,0
DA:257,0
DA:261,0
DA:272,1
DA:273,5
DA:274,5
DA:275,5
DA:276,5
DA:277,5
DA:278,5
DA:294,1
DA:295,0
DA:296,0
DA:297,0
DA:298,0
DA:299,0
DA:300,0
DA:319,1
DA:320,0
DA:321,0
DA:323,0
DA:324,0
DA:338,1
DA:339,0
DA:340,0
DA:341,0
DA:343,0
DA:344,0
DA:357,1
DA:358,5
DA:360,5
DA:361,5
DA:362,5
DA:363,5
DA:364,5
DA:368,5
DA:380,40
DA:381,40
DA:382,40
DA:385,5
DA:399,1
DA:400,0
DA:402,0
DA:403,0
DA:404,0
DA:405,0
DA:406,0
DA:410,0
DA:422,0
DA:423,0
DA:424,0
DA:427,0
DA:441,1
DA:442,0
DA:444,0
DA:445,0
DA:447,0
DA:449,0
DA:450,0
DA:452,0
DA:453,0
DA:455,0
DA:456,0
DA:458,0
DA:460,0
DA:461,0
DA:462,0
DA:466,0
DA:480,1
DA:481,0
DA:483,0
DA:484,0
DA:486,0
DA:488,0
DA:489,0
DA:491,0
DA:492,0
DA:494,0
DA:495,0
DA:497,0
DA:499,0
DA:500,0
DA:501,0
DA:505,0
LF:206
LH:95
BRDA:7,0,0,0
BRDA:7,0,1,0
BRDA:7,0,2,0
BRDA:7,0,3,2
BRDA:7,0,4,0
BRDA:7,0,5,1
BRDA:7,0,6,0
BRDA:7,0,7,0
BRDA:7,0,8,0
BRDA:79,1,0,0
BRDA:79,1,1,52
BRDA:80,2,0,0
BRDA:80,2,1,0
BRDA:80,3,0,0
BRDA:80,3,1,0
BRDA:87,4,0,0
BRDA:87,4,1,52
BRDA:101,5,0,964
BRDA:101,5,1,936
BRDA:103,6,0,428
BRDA:103,6,1,536
BRDA:112,7,0,507
BRDA:112,7,1,429
BRDA:123,8,0,380
BRDA:123,8,1,1520
BRDA:144,9,0,0
BRDA:144,9,1,0
BRDA:156,10,0,0
BRDA:156,10,1,0
BRDA:158,11,0,0
BRDA:158,11,1,0
BRDA:166,12,0,0
BRDA:166,12,1,0
BRDA:200,13,0,86
BRDA:200,13,1,84
BRDA:202,14,0,40
BRDA:202,14,1,46
BRDA:209,15,0,42
BRDA:209,15,1,42
BRDA:230,16,0,0
BRDA:230,16,1,0
BRDA:245,17,0,0
BRDA:245,17,1,0
BRDA:251,18,0,0
BRDA:251,18,1,0
BRDA:339,19,0,0
BRDA:339,19,1,0
BRDA:400,20,0,0
BRDA:400,20,1,0
BRDA:442,21,0,0
BRDA:442,21,1,0
BRDA:481,22,0,0
BRDA:481,22,1,0
BRF:53
BRH:18
end_of_record
